{"level": "INFO", "time": "2026-03-02 21:05:11,327", "module": "autoreload", "message": "Watching for file changes with StatReloader"}
{"level": "INFO", "time": "2026-03-02 22:51:29,606", "module": "autoreload", "message": "Watching for file changes with StatReloader"}
{"level": "INFO", "time": "2026-03-02 22:51:53,689", "module": "autoreload", "message": "C:\smart_locker\reservations\views.py changed, reloading."}
{"level": "INFO", "time": "2026-03-02 22:51:57,804", "module": "autoreload", "message": "Watching for file changes with StatReloader"}
{"asctime": "2026-03-02 23:37:19,431", "levelname": "INFO", "name": "django.utils.autoreload", "message": "Watching for file changes with StatReloader", "pathname": "C:\\smart_locker\\venv\\Lib\\site-packages\\django\\utils\\autoreload.py", "lineno": 681}
{"asctime": "2026-03-02 23:40:01,883", "levelname": "INFO", "name": "django.utils.autoreload", "message": "C:\\smart_locker\\users\\views.py changed, reloading.", "pathname": "C:\\smart_locker\\venv\\Lib\\site-packages\\django\\utils\\autoreload.py", "lineno": 265}
{"asctime": "2026-03-02 23:40:12,306", "levelname": "INFO", "name": "django.utils.autoreload", "message": "Watching for file changes with StatReloader", "pathname": "C:\\smart_locker\\venv\\Lib\\site-packages\\django\\utils\\autoreload.py", "lineno": 681}
{"asctime": "2026-03-02 23:41:10,640", "levelname": "INFO", "name": "django.utils.autoreload", "message": "Watching for file changes with StatReloader", "pathname": "C:\\smart_locker\\venv\\Lib\\site-packages\\django\\utils\\autoreload.py", "lineno": 681}
{"asctime": "2026-03-02 23:46:09,892", "levelname": "INFO", "name": "django.utils.autoreload", "message": "C:\\smart_locker\\lockers\\views.py changed, reloading.", "pathname": "C:\\smart_locker\\venv\\Lib\\site-packages\\django\\utils\\autoreload.py", "lineno": 265}
{"asctime": "2026-03-02 23:46:14,738", "levelname": "INFO", "name": "django.utils.autoreload", "message": "Watching for file changes with StatReloader", "pathname": "C:\\smart_locker\\venv\\Lib\\site-packages\\django\\utils\\autoreload.py", "lineno": 681}
{"asctime": "2026-03-02 23:46:37,061", "levelname": "INFO", "name": "django.utils.autoreload", "message": "C:\\smart_locker\\lockers\\views.py changed, reloading.", "pathname": "C:\\smart_locker\\venv\\Lib\\site-packages\\django\\utils\\autoreload.py", "lineno": 265}
{"asctime": "2026-03-02 23:46:38,331", "levelname": "INFO", "name": "django.utils.autoreload", "message": "Watching for file changes with StatReloader", "pathname": "C:\\smart_locker\\venv\\Lib\\site-packages\\django\\utils\\autoreload.py", "lineno": 681}
{"asctime": "2026-03-02 23:54:51,708", "levelname": "INFO", "name": "django.utils.autoreload", "message": "C:\\smart_locker\\lockers\\views.py changed, reloading.", "pathname": "C:\\smart_locker\\venv\\Lib\\site-packages\\django\\utils\\autoreload.py", "lineno": 265}
{"asctime": "2026-03-02 23:54:56,451", "levelname": "INFO", "name": "django.utils.autoreload", "message": "Watching for file changes with StatReloader", "pathname": "C:\\smart_locker\\venv\\Lib\\site-packages\\django\\utils\\autoreload.py", "lineno": 681}
{"asctime": "2026-03-02 23:58:44,475", "levelname": "INFO", "name": "django.utils.autoreload", "message": "C:\\smart_locker\\lockers\\views.py changed, reloading.", "pathname": "C:\\smart_locker\\venv\\Lib\\site-packages\\django\\utils\\autoreload.py", "lineno": 265}
{"asctime": "2026-03-02 23:58:49,437", "levelname": "INFO", "name": "django.utils.autoreload", "message": "Watching for file changes with StatReloader", "pathname": "C:\\smart_locker\\venv\\Lib\\site-packages\\django\\utils\\autoreload.py", "lineno": 681}
{"asctime": "2026-03-03 00:03:14,048", "levelname": "INFO", "name": "django.utils.autoreload", "message": "C:\\smart_locker\\reservations\\views.py changed, reloading.", "pathname": "C:\\smart_locker\\venv\\Lib\\site-packages\\django\\utils\\autoreload.py", "lineno": 265}
{"asctime": "2026-03-03 00:03:18,997", "levelname": "INFO", "name": "django.utils.autoreload", "message": "Watching for file changes with StatReloader", "pathname": "C:\\smart_locker\\venv\\Lib\\site-packages\\django\\utils\\autoreload.py", "lineno": 681}
{"asctime": "2026-03-03 00:04:08,975", "levelname": "INFO", "name": "django.utils.autoreload", "message": "C:\\smart_locker\\reservations\\views.py changed, reloading.", "pathname": "C:\\smart_locker\\venv\\Lib\\site-packages\\django\\utils\\autoreload.py", "lineno": 265}
{"asctime": "2026-03-03 00:04:09,890", "levelname": "INFO", "name": "django.utils.autoreload", "message": "Watching for file changes with StatReloader", "pathname": "C:\\smart_locker\\venv\\Lib\\site-packages\\django\\utils\\autoreload.py", "lineno": 681}
{"asctime": "2026-03-03 00:11:05,432", "levelname": "INFO", "name": "django.utils.autoreload", "message": "C:\\smart_locker\\reservations\\views.py changed, reloading.", "pathname": "C:\\smart_locker\\venv\\Lib\\site-packages\\django\\utils\\autoreload.py", "lineno": 265}
{"asctime": "2026-03-03 00:11:10,648", "levelname": "INFO", "name": "django.utils.autoreload", "message": "Watching for file changes with StatReloader", "pathname": "C:\\smart_locker\\venv\\Lib\\site-packages\\django\\utils\\autoreload.py", "lineno": 681}
